<?xml version="1.0" encoding="UTF-8"?>
<!-- Generated by org.testng.reporters.JUnitXMLReporter -->
<testsuite ignored="0" hostname="DESKTOP-56LNQVK" failures="0" tests="3" name="Test" time="7.793" errors="0" timestamp="2025-09-08T23:15:11 IST">
  <testcase classname="com_Adactin_testcases.TC_01_AdactinLogin" name="loginadactin" time="4.337"/>
  <testcase classname="com_Adactin_testcases.TC_02_AdactinSearch" name="searchpage" time="0.338"/>
  <testcase classname="com_Adactin_testcases.TC_02_AdactinSearch" name="searchpage" time="0.244"/>
</testsuite> <!-- Test -->
