<?xml version="1.0" encoding="UTF-8"?>
<!-- Generated by org.testng.reporters.JUnitXMLReporter -->
<testsuite ignored="0" hostname="DESKTOP-56LNQVK" failures="1" tests="2" name="Test" time="5.005" errors="0" timestamp="2025-09-08T12:44:13 IST">
  <testcase classname="com_Adactin_testcases.TC_01_AdactinLogin" name="loginadactin" time="4.122"/>
  <testcase classname="com_Adactin_testcases.TC_02_AdactinSearch" name="searchpage" time="0.0">
    <failure type="java.lang.RuntimeException" message="java.lang.NullPointerException">
      <![CDATA[java.lang.RuntimeException: java.lang.NullPointerException
at java.base/java.util.ArrayList.forEach(ArrayList.java:1511)
Caused by: java.lang.NullPointerException
at java.base/java.io.FileInputStream.<init>(FileInputStream.java:149)
at java.base/java.io.FileInputStream.<init>(FileInputStream.java:111)
at com_utilities.ExcelUtils.getRowCount(ExcelUtils.java:23)
at com_Adactin_testcases.TC_02_AdactinSearch.getData(TC_02_AdactinSearch.java:32)
... 29 more
... Removed 36 stack frames]]>
    </failure>
  </testcase> <!-- searchpage -->
</testsuite> <!-- Test -->
