<?xml version="1.0" encoding="UTF-8"?>
<testng-results ignored="0" total="3" passed="3" failed="0" skipped="0">
  <reporter-output>
  </reporter-output>
  <suite started-at="2025-09-08T23:15:02 IST" name="Suite" finished-at="2025-09-08T23:15:10 IST" duration-ms="7793">
    <groups>
    </groups>
    <test started-at="2025-09-08T23:15:02 IST" name="Test" finished-at="2025-09-08T23:15:10 IST" duration-ms="7793">
      <class name="com_Adactin_testcases.TC_02_AdactinSearch">
        <test-method is-config="true" signature="openApplication()[pri:0, instance:com_Adactin_testcases.TC_02_AdactinSearch@53fb3dab]" started-at="2025-09-08T23:14:56 IST" name="openApplication" finished-at="2025-09-08T23:15:02 IST" duration-ms="5750" status="PASS">
          <reporter-output>
          </reporter-output>
        </test-method> <!-- openApplication -->
        <test-method signature="loginadactin()[pri:0, instance:com_Adactin_testcases.TC_02_AdactinSearch@53fb3dab]" started-at="2025-09-08T23:15:03 IST" name="loginadactin" finished-at="2025-09-08T23:15:07 IST" duration-ms="4337" status="PASS">
          <reporter-output>
          </reporter-output>
        </test-method> <!-- loginadactin -->
        <test-method signature="searchpage(java.lang.String,java.lang.String)[pri:0, instance:com_Adactin_testcases.TC_02_AdactinSearch@53fb3dab]" started-at="2025-09-08T23:15:09 IST" name="searchpage" data-provider="Adactin" finished-at="2025-09-08T23:15:09 IST" duration-ms="338" status="PASS">
          <params>
            <param index="0">
              <value>
                <![CDATA[9/19/25]]>
              </value>
            </param>
            <param index="1">
              <value>
                <![CDATA[9/20/25]]>
              </value>
            </param>
          </params>
          <reporter-output>
          </reporter-output>
        </test-method> <!-- searchpage -->
        <test-method signature="searchpage(java.lang.String,java.lang.String)[pri:0, instance:com_Adactin_testcases.TC_02_AdactinSearch@53fb3dab]" started-at="2025-09-08T23:15:09 IST" name="searchpage" data-provider="Adactin" finished-at="2025-09-08T23:15:10 IST" duration-ms="244" status="PASS">
          <params>
            <param index="0">
              <value>
                <![CDATA[9/21/25]]>
              </value>
            </param>
            <param index="1">
              <value>
                <![CDATA[9/25/25]]>
              </value>
            </param>
          </params>
          <reporter-output>
          </reporter-output>
        </test-method> <!-- searchpage -->
        <test-method is-config="true" signature="closeApplication()[pri:0, instance:com_Adactin_testcases.TC_02_AdactinSearch@53fb3dab]" started-at="2025-09-08T23:15:11 IST" name="closeApplication" finished-at="2025-09-08T23:15:13 IST" duration-ms="2247" status="PASS">
          <reporter-output>
          </reporter-output>
        </test-method> <!-- closeApplication -->
      </class> <!-- com_Adactin_testcases.TC_02_AdactinSearch -->
    </test> <!-- Test -->
  </suite> <!-- Suite -->
</testng-results>
