<?xml version="1.0" encoding="UTF-8"?>
<!-- Generated by org.testng.reporters.JUnitReportReporter -->
<testsuite hostname="DESKTOP-56LNQVK" failures="0" tests="3" name="com_Adactin_testcases.TC_02_AdactinSearch" time="4.919" errors="0" timestamp="2025-09-08T23:15:13 IST" skipped="0">
  <testcase classname="com_Adactin_testcases.TC_02_AdactinSearch" name="searchpage" time="0.244"/>
  <testcase classname="com_Adactin_testcases.TC_02_AdactinSearch" name="loginadactin" time="4.337"/>
  <testcase classname="com_Adactin_testcases.TC_02_AdactinSearch" name="searchpage" time="0.338"/>
</testsuite> <!-- com_Adactin_testcases.TC_02_AdactinSearch -->
